<?xml version="1.0" encoding="UTF-8"?>
<!-- Generated by org.testng.reporters.JUnitReportReporter -->
<testsuite skipped="1" hostname="VON-2KKF362" name="testCases.Queues_Billing" tests="1" failures="0" timestamp="25 Dec 2018 00:06:01 GMT" time="22.715" errors="0">
  <testcase name="tc_1_48_Queues_Billing" time="22.715" classname="testCases.Queues_Billing">
    <skipped/>
  </testcase> <!-- tc_1_48_Queues_Billing -->
</testsuite> <!-- testCases.Queues_Billing -->
