<?xml version="1.0" encoding="UTF-8"?>
<!-- Generated by org.testng.reporters.JUnitReportReporter -->
<testsuite skipped="0" hostname="VON-2KKF362" name="testCases.TC_1_52_DIDs_Displayed_Number_Activation" tests="1" failures="0" timestamp="02 Jan 2019 15:13:52 GMT" time="21.245" errors="0">
  <testcase name="tC_1_52_DIDs_Displayed_Number_Activation" time="21.245" classname="testCases.TC_1_52_DIDs_Displayed_Number_Activation"/>
</testsuite> <!-- testCases.TC_1_52_DIDs_Displayed_Number_Activation -->
