<?xml version="1.0" encoding="UTF-8"?>
<!-- Generated by org.testng.reporters.JUnitReportReporter -->
<testsuite skipped="0" hostname="VON-2KKF362" name="testCases.ReportingDropDown" tests="1" failures="0" timestamp="29 Dec 2018 02:37:02 GMT" time="53.020" errors="0">
  <testcase name="reportingDropDown" time="53.020" classname="testCases.ReportingDropDown"/>
</testsuite> <!-- testCases.ReportingDropDown -->
