<?xml version="1.0" encoding="UTF-8"?>
<!-- Generated by org.testng.reporters.JUnitReportReporter -->
<testsuite skipped="0" hostname="VON-2KKF362" name="testCases.TC_1_11_VerifyFunctionalitiesOnHomePage" tests="1" failures="0" timestamp="25 Dec 2018 00:06:01 GMT" time="37.589" errors="0">
  <testcase name="tc_1_11_VerifyFunctionalitiesOnHomePage" time="37.589" classname="testCases.TC_1_11_VerifyFunctionalitiesOnHomePage"/>
</testsuite> <!-- testCases.TC_1_11_VerifyFunctionalitiesOnHomePage -->
