<?xml version="1.0" encoding="UTF-8"?>
<!-- Generated by org.testng.reporters.JUnitReportReporter -->
<testsuite skipped="0" hostname="HP-PC" name="testCases.TC_1_84_Admin_SalesTool_EnganeeringICB" tests="1" failures="0" timestamp="24 Dec 2018 09:19:00 GMT" time="218.261" errors="0">
  <testcase name="tc_1_84_salesTool_EnganeeringICB" time="218.261" classname="testCases.TC_1_84_Admin_SalesTool_EnganeeringICB"/>
</testsuite> <!-- testCases.TC_1_84_Admin_SalesTool_EnganeeringICB -->
