<?xml version="1.0" encoding="UTF-8"?>
<!-- Generated by org.testng.reporters.JUnitReportReporter -->
<testsuite skipped="0" hostname="VON-2KKF362" name="testCases.Faxmail" tests="1" failures="0" timestamp="03 Jan 2019 03:31:29 GMT" time="36.588" errors="0">
  <testcase name="customer_Search" time="36.588" classname="testCases.Faxmail"/>
</testsuite> <!-- testCases.Faxmail -->
