<?xml version="1.0" encoding="UTF-8"?>
<!-- Generated by org.testng.reporters.JUnitReportReporter -->
<testsuite skipped="0" hostname="VON-2KKF362" name="testCases.ProjectsDropDown" tests="1" failures="0" timestamp="25 Dec 2018 00:06:00 GMT" time="41.131" errors="0">
  <testcase name="projectsDropDown" time="41.131" classname="testCases.ProjectsDropDown"/>
</testsuite> <!-- testCases.ProjectsDropDown -->
