<?xml version="1.0" encoding="UTF-8"?>
<!-- Generated by org.testng.reporters.JUnitReportReporter -->
<testsuite skipped="0" hostname="VON-2KKF362" name="testCases.TC_1_77_EICB_Queue" tests="1" failures="0" timestamp="25 Dec 2018 02:24:14 GMT" time="40.381" errors="0">
  <testcase name="tc_1_77_eICB_Queue" time="40.381" classname="testCases.TC_1_77_EICB_Queue"/>
</testsuite> <!-- testCases.TC_1_77_EICB_Queue -->
