<?xml version="1.0" encoding="UTF-8"?>
<!-- Generated by org.testng.reporters.JUnitReportReporter -->
<testsuite skipped="0" hostname="HP-PC" name="testCases.Billing_C_CreditRequest" tests="1" failures="0" timestamp="15 Dec 2018 15:48:58 GMT" time="134.233" errors="0">
  <testcase name="billing_CreditRequest" time="134.233" classname="testCases.Billing_C_CreditRequest"/>
</testsuite> <!-- testCases.Billing_C_CreditRequest -->
