<?xml version="1.0" encoding="UTF-8"?>
<!-- Generated by org.testng.reporters.JUnitReportReporter -->
<testsuite skipped="0" hostname="VON-2KKF362" name="testCases.TC_1_10_ExportChildCustomerList" tests="1" failures="0" timestamp="02 Jan 2019 04:10:32 GMT" time="41.923" errors="0">
  <testcase name="tc_1_10_ExportChildCustomerList" time="41.923" classname="testCases.TC_1_10_ExportChildCustomerList"/>
</testsuite> <!-- testCases.TC_1_10_ExportChildCustomerList -->
