<?xml version="1.0" encoding="UTF-8"?>
<!-- Generated by org.testng.reporters.JUnitReportReporter -->
<testsuite skipped="0" hostname="HP-PC" name="testCases.TC_1_89__Add_MAC" tests="1" failures="0" timestamp="24 Dec 2018 09:48:43 GMT" time="264.425" errors="0">
  <testcase name="tc_1_89_addMac" time="264.425" classname="testCases.TC_1_89__Add_MAC"/>
</testsuite> <!-- testCases.TC_1_89__Add_MAC -->
