<?xml version="1.0" encoding="UTF-8"?>
<!-- Generated by org.testng.reporters.JUnitReportReporter -->
<testsuite skipped="0" hostname="VON-2KKF362" name="testCases.TC_1_100_Sales_Order_Edit" tests="1" failures="0" timestamp="25 Dec 2018 02:24:14 GMT" time="123.307" errors="0">
  <testcase name="tc_1_100_Sales_Order_Edit" time="123.307" classname="testCases.TC_1_100_Sales_Order_Edit"/>
</testsuite> <!-- testCases.TC_1_100_Sales_Order_Edit -->
