<?xml version="1.0" encoding="UTF-8"?>
<!-- Generated by org.testng.reporters.JUnitReportReporter -->
<testsuite skipped="0" hostname="VON-2KKF362" name="testCases.FAXAddDeleteModify" tests="1" failures="0" timestamp="25 Dec 2018 00:06:01 GMT" time="63.078" errors="0">
  <testcase name="addDns" time="63.078" classname="testCases.FAXAddDeleteModify"/>
</testsuite> <!-- testCases.FAXAddDeleteModify -->
