<?xml version="1.0" encoding="UTF-8"?>
<!-- Generated by org.testng.reporters.JUnitReportReporter -->
<testsuite skipped="0" hostname="HP-PC" name="testCases.TC_1_92_Task_Calendar" tests="1" failures="0" timestamp="15 Dec 2018 15:48:58 GMT" time="42.429" errors="0">
  <testcase name="tc_1_92_Task_Calendar" time="42.429" classname="testCases.TC_1_92_Task_Calendar"/>
</testsuite> <!-- testCases.TC_1_92_Task_Calendar -->
