<?xml version="1.0" encoding="UTF-8"?>
<!-- Generated by org.testng.reporters.JUnitReportReporter -->
<testsuite skipped="0" hostname="HP-PC" name="testCases.Reconciliation1971" tests="1" failures="0" timestamp="21 Dec 2018 14:52:43 GMT" time="50.018" errors="0">
  <testcase name="reconciliation1971" time="50.018" classname="testCases.Reconciliation1971"/>
</testsuite> <!-- testCases.Reconciliation1971 -->
