<?xml version="1.0" encoding="UTF-8"?>
<!-- Generated by org.testng.reporters.JUnitReportReporter -->
<testsuite skipped="0" hostname="VON-2KKF362" name="testCases.TC_1_5_CustomerDashboard_Data_CDR_Config" tests="1" failures="0" timestamp="19 Dec 2018 21:46:29 GMT" time="65.420" errors="0">
  <testcase name="tc_1_5_CustomerDashboard_Data_CDR_Config" time="65.420" classname="testCases.TC_1_5_CustomerDashboard_Data_CDR_Config"/>
</testsuite> <!-- testCases.TC_1_5_CustomerDashboard_Data_CDR_Config -->
