<?xml version="1.0" encoding="UTF-8"?>
<!-- Generated by org.testng.reporters.JUnitReportReporter -->
<testsuite skipped="0" hostname="HP-PC" name="testCases.TC_1_91_CancelReason_CBBReport" tests="1" failures="0" timestamp="24 Dec 2018 11:41:47 GMT" time="28.873" errors="0">
  <testcase name="tc_1_91_CancelReason_CBBReport" time="28.873" classname="testCases.TC_1_91_CancelReason_CBBReport"/>
</testsuite> <!-- testCases.TC_1_91_CancelReason_CBBReport -->
