<?xml version="1.0" encoding="UTF-8"?>
<!-- Generated by org.testng.reporters.JUnitReportReporter -->
<testsuite skipped="0" hostname="VON-2KKF362" name="testCases.VerifyAccountsIfActive" tests="1" failures="0" timestamp="21 Dec 2018 04:36:25 GMT" time="64.563" errors="0">
  <testcase name="verifyAccountsIfActive" time="64.563" classname="testCases.VerifyAccountsIfActive"/>
</testsuite> <!-- testCases.VerifyAccountsIfActive -->
