<?xml version="1.0" encoding="UTF-8"?>
<!-- Generated by org.testng.reporters.JUnitReportReporter -->
<testsuite skipped="0" hostname="VON-2KKF362" name="testCases.TC_1_98_QuoteGenaration" tests="1" failures="0" timestamp="29 Dec 2018 04:43:25 GMT" time="148.991" errors="0">
  <testcase name="tc_1_98_QuoteGenaration" time="148.991" classname="testCases.TC_1_98_QuoteGenaration"/>
</testsuite> <!-- testCases.TC_1_98_QuoteGenaration -->
