<?xml version="1.0" encoding="UTF-8"?>
<!-- Generated by org.testng.reporters.JUnitReportReporter -->
<testsuite skipped="0" hostname="VON-2KKF362" name="testCases.TC_1_37_EditProjectTasks" tests="1" failures="0" timestamp="25 Dec 2018 00:06:00 GMT" time="650.362" errors="0">
  <testcase name="editProjectTasks" time="650.362" classname="testCases.TC_1_37_EditProjectTasks"/>
</testsuite> <!-- testCases.TC_1_37_EditProjectTasks -->
