<?xml version="1.0" encoding="UTF-8"?>
<!-- Generated by org.testng.reporters.JUnitReportReporter -->
<testsuite skipped="0" hostname="HP-PC" name="testCases.Queues_Billing" tests="1" failures="0" timestamp="10 Dec 2018 17:42:55 GMT" time="399.059" errors="0">
  <testcase name="tc_1_48_Queues_Billing" time="399.059" classname="testCases.Queues_Billing"/>
</testsuite> <!-- testCases.Queues_Billing -->
