<?xml version="1.0" encoding="UTF-8"?>
<!-- Generated by org.testng.reporters.JUnitReportReporter -->
<testsuite skipped="0" hostname="HP-PC" name="testCases.TC_1_2_ReportHighLevelFunctionality_ReportsDropDown" tests="1" failures="0" timestamp="22 Dec 2018 06:04:44 GMT" time="806.605" errors="0">
  <testcase name="tc_1_2_ReportHighLevelFunctionality" time="806.605" classname="testCases.TC_1_2_ReportHighLevelFunctionality_ReportsDropDown"/>
</testsuite> <!-- testCases.TC_1_2_ReportHighLevelFunctionality_ReportsDropDown -->
