<?xml version="1.0" encoding="UTF-8"?>
<!-- Generated by org.testng.reporters.JUnitReportReporter -->
<testsuite skipped="0" hostname="HP-PC" name="testCases.TC_1_6_Dashboard_Edit_Device_Status" tests="1" failures="0" timestamp="23 Dec 2018 06:47:29 GMT" time="95.766" errors="0">
  <testcase name="tC_1_6_Dashboard_Edit_Device_Status" time="95.766" classname="testCases.TC_1_6_Dashboard_Edit_Device_Status"/>
</testsuite> <!-- testCases.TC_1_6_Dashboard_Edit_Device_Status -->
