<?xml version="1.0" encoding="UTF-8"?>
<!-- Generated by org.testng.reporters.JUnitReportReporter -->
<testsuite skipped="0" hostname="HP-PC" name="testCases.TC_1_7_CustomerVoiceInterNationalDIDs" tests="1" failures="0" timestamp="24 Dec 2018 04:21:27 GMT" time="151.440" errors="0">
  <testcase name="tc_1_7_CustomerVoiceInterNationalDIDs" time="151.440" classname="testCases.TC_1_7_CustomerVoiceInterNationalDIDs"/>
</testsuite> <!-- testCases.TC_1_7_CustomerVoiceInterNationalDIDs -->
