<?xml version="1.0" encoding="UTF-8"?>
<!-- Generated by org.testng.reporters.JUnitReportReporter -->
<testsuite skipped="0" hostname="HP-PC" name="testCases.TC_1_80_Verify2NewGroupsUnderGroups_TicketPage" tests="1" failures="0" timestamp="23 Dec 2018 11:27:40 GMT" time="96.698" errors="0">
  <testcase name="tC_1_80_Verify2NewGroupsUnderGroups_TicketPage" time="96.698" classname="testCases.TC_1_80_Verify2NewGroupsUnderGroups_TicketPage"/>
</testsuite> <!-- testCases.TC_1_80_Verify2NewGroupsUnderGroups_TicketPage -->
