<?xml version="1.0" encoding="UTF-8"?>
<!-- Generated by org.testng.reporters.JUnitReportReporter -->
<testsuite skipped="0" hostname="VON-2KKF362" name="testCases.TC_1_56_TicketMergeVerification" tests="1" failures="0" timestamp="29 Dec 2018 02:37:02 GMT" time="212.139" errors="0">
  <testcase name="tc_1_56_TicketMergeVerification" time="212.139" classname="testCases.TC_1_56_TicketMergeVerification"/>
</testsuite> <!-- testCases.TC_1_56_TicketMergeVerification -->
