<?xml version="1.0" encoding="UTF-8"?>
<!-- Generated by org.testng.reporters.JUnitReportReporter -->
<testsuite skipped="0" hostname="HP-PC" name="testCases.DNS" tests="1" failures="0" timestamp="15 Dec 2018 15:48:58 GMT" time="74.307" errors="0">
  <testcase name="data_Dns_Add_Edit_Delete" time="74.307" classname="testCases.DNS"/>
</testsuite> <!-- testCases.DNS -->
