<?xml version="1.0" encoding="UTF-8"?>
<!-- Generated by org.testng.reporters.JUnitReportReporter -->
<testsuite skipped="0" hostname="VON-2KKF362" name="testCases.TC_1_5_CustomerDashboard_Data_CDR_Config" tests="1" failures="0" timestamp="25 Dec 2018 00:06:00 GMT" time="83.794" errors="0">
  <testcase name="tc_1_5_CustomerDashboard_Data_CDR_Config" time="83.794" classname="testCases.TC_1_5_CustomerDashboard_Data_CDR_Config"/>
</testsuite> <!-- testCases.TC_1_5_CustomerDashboard_Data_CDR_Config -->
