<?xml version="1.0" encoding="UTF-8"?>
<!-- Generated by org.testng.reporters.JUnitReportReporter -->
<testsuite skipped="1" hostname="VON-2KKF362" name="testCases.TC_1_70_Admin_Recon_Mac_Mapping" tests="1" failures="0" timestamp="25 Dec 2018 00:06:01 GMT" time="24.745" errors="0">
  <testcase name="tC_1_70_Admin_Recon_Mac_Mapping" time="24.745" classname="testCases.TC_1_70_Admin_Recon_Mac_Mapping">
    <skipped/>
  </testcase> <!-- tC_1_70_Admin_Recon_Mac_Mapping -->
</testsuite> <!-- testCases.TC_1_70_Admin_Recon_Mac_Mapping -->
