<?xml version="1.0" encoding="UTF-8"?>
<!-- Generated by org.testng.reporters.JUnitReportReporter -->
<testsuite skipped="0" hostname="HP-PC" name="testCases.TC_1_18_MacProject" tests="1" failures="0" timestamp="22 Dec 2018 03:47:50 GMT" time="93.582" errors="0">
  <testcase name="addMac" time="93.582" classname="testCases.TC_1_18_MacProject"/>
</testsuite> <!-- testCases.TC_1_18_MacProject -->
