<?xml version="1.0" encoding="UTF-8"?>
<!-- Generated by org.testng.reporters.JUnitReportReporter -->
<testsuite skipped="0" hostname="VON-2KKF362" name="testCases.Number_search" tests="1" failures="0" timestamp="03 Jan 2019 03:31:29 GMT" time="440.925" errors="0">
  <testcase name="number_search" time="440.925" classname="testCases.Number_search"/>
</testsuite> <!-- testCases.Number_search -->
