<?xml version="1.0" encoding="UTF-8"?>
<!-- Generated by org.testng.reporters.JUnitReportReporter -->
<testsuite skipped="0" hostname="HP-PC" name="testCases.TC_1_56_TicketMergeVerification" tests="1" failures="0" timestamp="22 Dec 2018 09:07:04 GMT" time="196.462" errors="0">
  <testcase name="tc_1_56_TicketMergeVerification" time="196.462" classname="testCases.TC_1_56_TicketMergeVerification"/>
</testsuite> <!-- testCases.TC_1_56_TicketMergeVerification -->
