<?xml version="1.0" encoding="UTF-8"?>
<!-- Generated by org.testng.reporters.JUnitReportReporter -->
<testsuite skipped="0" hostname="VON-2KKF362" name="testCases.TC_1_12_Number_management_Search_customerForEdit" tests="1" failures="0" timestamp="25 Dec 2018 00:06:00 GMT" time="134.418" errors="0">
  <testcase name="tc_1_12_Number_management_Search_customerForEdit" time="134.418" classname="testCases.TC_1_12_Number_management_Search_customerForEdit"/>
</testsuite> <!-- testCases.TC_1_12_Number_management_Search_customerForEdit -->
