<?xml version="1.0" encoding="UTF-8"?>
<!-- Generated by org.testng.reporters.JUnitReportReporter -->
<testsuite skipped="0" hostname="VON-2KKF362" name="testCases.ProjectsDropDown" tests="1" failures="0" timestamp="20 Dec 2018 17:01:52 GMT" time="29.936" errors="0">
  <testcase name="projectsDropDown" time="29.936" classname="testCases.ProjectsDropDown"/>
</testsuite> <!-- testCases.ProjectsDropDown -->
