<?xml version="1.0" encoding="UTF-8"?>
<!-- Generated by org.testng.reporters.JUnitReportReporter -->
<testsuite skipped="0" hostname="VON-2KKF362" name="testCases.TC_1_1_ImportNumbersToHaveSMS_service" tests="1" failures="0" timestamp="25 Dec 2018 00:06:00 GMT" time="68.745" errors="0">
  <testcase name="tc_1_1_ImportNumbersToHaveSMS_service" time="68.745" classname="testCases.TC_1_1_ImportNumbersToHaveSMS_service"/>
</testsuite> <!-- testCases.TC_1_1_ImportNumbersToHaveSMS_service -->
