<?xml version="1.0" encoding="UTF-8"?>
<!-- Generated by org.testng.reporters.JUnitReportReporter -->
<testsuite skipped="0" hostname="VON-2KKF362" name="testCases.Billing_C_CreditRequest" tests="1" failures="0" timestamp="19 Dec 2018 21:46:29 GMT" time="112.236" errors="0">
  <testcase name="billing_CreditRequest" time="112.236" classname="testCases.Billing_C_CreditRequest"/>
</testsuite> <!-- testCases.Billing_C_CreditRequest -->
