<?xml version="1.0" encoding="UTF-8"?>
<!-- Generated by org.testng.reporters.JUnitReportReporter -->
<testsuite skipped="0" hostname="VON-2KKF362" name="testCases.TC_1_41_Configur_Project_Components" tests="1" failures="0" timestamp="02 Jan 2019 04:10:32 GMT" time="196.586" errors="0">
  <testcase name="tC_1_41_Configur_Project_Components" time="196.586" classname="testCases.TC_1_41_Configur_Project_Components"/>
</testsuite> <!-- testCases.TC_1_41_Configur_Project_Components -->
