<?xml version="1.0" encoding="UTF-8"?>
<!-- Generated by org.testng.reporters.JUnitReportReporter -->
<testsuite skipped="0" hostname="VON-2KKF362" name="testCases.CDRConfig" tests="1" failures="0" timestamp="19 Dec 2018 21:46:29 GMT" time="34.800" errors="0">
  <testcase name="CDRConfiguration" time="34.800" classname="testCases.CDRConfig"/>
</testsuite> <!-- testCases.CDRConfig -->
