<?xml version="1.0" encoding="UTF-8"?>
<!-- Generated by org.testng.reporters.JUnitReportReporter -->
<testsuite skipped="0" hostname="VON-2KKF362" name="testCases.Customer_Search" tests="1" failures="0" timestamp="03 Jan 2019 03:31:29 GMT" time="29.474" errors="0">
  <testcase name="customer_Search" time="29.474" classname="testCases.Customer_Search"/>
</testsuite> <!-- testCases.Customer_Search -->
