<?xml version="1.0" encoding="UTF-8"?>
<!-- Generated by org.testng.reporters.JUnitReportReporter -->
<testsuite skipped="0" hostname="VON-2KKF362" name="testCases.C3" tests="1" failures="0" timestamp="03 Jan 2019 03:31:29 GMT" time="70.878" errors="0">
  <testcase name="c3" time="70.878" classname="testCases.C3"/>
</testsuite> <!-- testCases.C3 -->
