<?xml version="1.0" encoding="UTF-8"?>
<!-- Generated by org.testng.reporters.JUnitReportReporter -->
<testsuite skipped="0" hostname="HP-PC" name="testCases.PaymentsInvoiceVerification" tests="1" failures="0" timestamp="16 Dec 2018 05:27:28 GMT" time="33.756" errors="0">
  <testcase name="paymentsInvoiceVerification" time="33.756" classname="testCases.PaymentsInvoiceVerification"/>
</testsuite> <!-- testCases.PaymentsInvoiceVerification -->
