<?xml version="1.0" encoding="UTF-8"?>
<!-- Generated by org.testng.reporters.JUnitReportReporter -->
<testsuite skipped="0" hostname="VON-2KKF362" name="testCases.TC_1_77_EICB_Queue" tests="1" failures="0" timestamp="29 Dec 2018 14:39:47 GMT" time="40.140" errors="0">
  <testcase name="tc_1_77_eICB_Queue" time="40.140" classname="testCases.TC_1_77_EICB_Queue"/>
</testsuite> <!-- testCases.TC_1_77_EICB_Queue -->
