<?xml version="1.0" encoding="UTF-8"?>
<!-- Generated by org.testng.reporters.JUnitReportReporter -->
<testsuite skipped="0" hostname="VON-2KKF362" name="testCases.Billing_A_contract" tests="1" failures="0" timestamp="29 Dec 2018 02:37:02 GMT" time="65.315" errors="0">
  <testcase name="billing_contract" time="65.315" classname="testCases.Billing_A_contract"/>
</testsuite> <!-- testCases.Billing_A_contract -->
