<?xml version="1.0" encoding="UTF-8"?>
<!-- Generated by org.testng.reporters.JUnitReportReporter -->
<testsuite skipped="0" hostname="VON-2KKF362" name="testCases.FAXAddDeleteModify" tests="1" failures="0" timestamp="19 Dec 2018 21:46:29 GMT" time="35.165" errors="0">
  <testcase name="addDns" time="35.165" classname="testCases.FAXAddDeleteModify"/>
</testsuite> <!-- testCases.FAXAddDeleteModify -->
