<?xml version="1.0" encoding="UTF-8"?>
<!-- Generated by org.testng.reporters.JUnitReportReporter -->
<testsuite skipped="0" hostname="VON-2KKF362" name="testCases.Customer_DashBoard_information" tests="1" failures="0" timestamp="25 Dec 2018 00:06:00 GMT" time="35.671" errors="0">
  <testcase name="verifyHomePage" time="35.671" classname="testCases.Customer_DashBoard_information"/>
</testsuite> <!-- testCases.Customer_DashBoard_information -->
