<?xml version="1.0" encoding="UTF-8"?>
<!-- Generated by org.testng.reporters.JUnitReportReporter -->
<testsuite skipped="1" hostname="VON-2KKF362" name="testCases.TC_1_64_Verify_Representative_choose_WAN_versionOf_VeloCloud" tests="1" failures="0" timestamp="25 Dec 2018 00:06:01 GMT" time="15.016" errors="0">
  <testcase name="tC_1_64_Test_Whether_care_representative_is_able_to_choose_SmartWAN_version_Of_VeloCloud_devices" time="15.016" classname="testCases.TC_1_64_Verify_Representative_choose_WAN_versionOf_VeloCloud">
    <skipped/>
  </testcase> <!-- tC_1_64_Test_Whether_care_representative_is_able_to_choose_SmartWAN_version_Of_VeloCloud_devices -->
</testsuite> <!-- testCases.TC_1_64_Verify_Representative_choose_WAN_versionOf_VeloCloud -->
