<?xml version="1.0" encoding="UTF-8"?>
<!-- Generated by org.testng.reporters.JUnitReportReporter -->
<testsuite skipped="0" hostname="VON-2KKF362" name="testCases.SearchDropDown" tests="1" failures="0" timestamp="20 Dec 2018 17:01:52 GMT" time="75.172" errors="0">
  <testcase name="searchDropDown" time="75.172" classname="testCases.SearchDropDown"/>
</testsuite> <!-- testCases.SearchDropDown -->
