<?xml version="1.0" encoding="UTF-8"?>
<!-- Generated by org.testng.reporters.JUnitReportReporter -->
<testsuite skipped="0" hostname="HP-PC" name="testCases.TC_1_52_DIDs_Displayed_Number_Activation" tests="1" failures="0" timestamp="22 Dec 2018 08:25:06 GMT" time="110.702" errors="0">
  <testcase name="tC_1_52_DIDs_Displayed_Number_Activation" time="110.702" classname="testCases.TC_1_52_DIDs_Displayed_Number_Activation"/>
</testsuite> <!-- testCases.TC_1_52_DIDs_Displayed_Number_Activation -->
