<?xml version="1.0" encoding="UTF-8"?>
<!-- Generated by org.testng.reporters.JUnitReportReporter -->
<testsuite skipped="0" hostname="HP-PC" name="testCases.FAXAddDeleteModify" tests="1" failures="0" timestamp="15 Dec 2018 15:48:58 GMT" time="44.003" errors="0">
  <testcase name="addDns" time="44.003" classname="testCases.FAXAddDeleteModify"/>
</testsuite> <!-- testCases.FAXAddDeleteModify -->
