<?xml version="1.0" encoding="UTF-8"?>
<!-- Generated by org.testng.reporters.JUnitReportReporter -->
<testsuite skipped="0" hostname="VON-2KKF362" name="testCases.VerifyInfoFromBroadWorks" tests="1" failures="0" timestamp="03 Jan 2019 03:31:29 GMT" time="60.025" errors="0">
  <testcase name="verifyInfoFromBroadWorks" time="60.025" classname="testCases.VerifyInfoFromBroadWorks"/>
</testsuite> <!-- testCases.VerifyInfoFromBroadWorks -->
