<?xml version="1.0" encoding="UTF-8"?>
<!-- Generated by org.testng.reporters.JUnitReportReporter -->
<testsuite skipped="0" hostname="HP-PC" name="testCases.TC_1_37_EditProjectTasks" tests="1" failures="0" timestamp="22 Dec 2018 12:39:46 GMT" time="470.120" errors="0">
  <testcase name="editProjectTasks" time="470.120" classname="testCases.TC_1_37_EditProjectTasks"/>
</testsuite> <!-- testCases.TC_1_37_EditProjectTasks -->
