<?xml version="1.0" encoding="UTF-8"?>
<!-- Generated by org.testng.reporters.JUnitReportReporter -->
<testsuite skipped="0" hostname="VON-2KKF362" name="testCases.Viewin" tests="1" failures="0" timestamp="29 Dec 2018 14:39:47 GMT" time="73.429" errors="0">
  <testcase name="viewin" time="73.429" classname="testCases.Viewin"/>
</testsuite> <!-- testCases.Viewin -->
