<?xml version="1.0" encoding="UTF-8"?>
<!-- Generated by org.testng.reporters.JUnitReportReporter -->
<testsuite skipped="0" hostname="HP-PC" name="testCases.TC_1_70_Admin_Recon_Mac_Mapping" tests="1" failures="0" timestamp="23 Dec 2018 10:12:23 GMT" time="130.857" errors="0">
  <testcase name="tC_1_70_Admin_Recon_Mac_Mapping" time="130.857" classname="testCases.TC_1_70_Admin_Recon_Mac_Mapping"/>
</testsuite> <!-- testCases.TC_1_70_Admin_Recon_Mac_Mapping -->
