<?xml version="1.0" encoding="UTF-8"?>
<!-- Generated by org.testng.reporters.JUnitReportReporter -->
<testsuite skipped="0" hostname="VON-2KKF362" name="testCases.TC_1_76_EMAC_price_algorithm" tests="1" failures="0" timestamp="29 Dec 2018 14:39:47 GMT" time="82.118" errors="0">
  <testcase name="tc_1_76_EMAC_price_algorithm" time="82.118" classname="testCases.TC_1_76_EMAC_price_algorithm"/>
</testsuite> <!-- testCases.TC_1_76_EMAC_price_algorithm -->
