<?xml version="1.0" encoding="UTF-8"?>
<!-- Generated by org.testng.reporters.JUnitReportReporter -->
<testsuite skipped="0" hostname="HP-PC" name="testCases.TC_1_96_VerifyReconExceptionAgingGraph" tests="1" failures="0" timestamp="24 Dec 2018 12:30:59 GMT" time="19.696" errors="0">
  <testcase name="verifyReconExceptionAgingGraphn" time="19.696" classname="testCases.TC_1_96_VerifyReconExceptionAgingGraph"/>
</testsuite> <!-- testCases.TC_1_96_VerifyReconExceptionAgingGraph -->
