<?xml version="1.0" encoding="UTF-8"?>
<!-- Generated by org.testng.reporters.JUnitReportReporter -->
<testsuite skipped="0" hostname="VON-2KKF362" name="testCases.CDRConfig" tests="1" failures="0" timestamp="29 Dec 2018 02:37:01 GMT" time="33.858" errors="0">
  <testcase name="CDRConfiguration" time="33.858" classname="testCases.CDRConfig"/>
</testsuite> <!-- testCases.CDRConfig -->
