<?xml version="1.0" encoding="UTF-8"?>
<!-- Generated by org.testng.reporters.JUnitReportReporter -->
<testsuite skipped="0" hostname="VON-2KKF362" name="testCases.TC_1_18_MacProject" tests="1" failures="0" timestamp="25 Dec 2018 00:06:01 GMT" time="102.394" errors="0">
  <testcase name="addMac" time="102.394" classname="testCases.TC_1_18_MacProject"/>
</testsuite> <!-- testCases.TC_1_18_MacProject -->
