<?xml version="1.0" encoding="UTF-8"?>
<!-- Generated by org.testng.reporters.JUnitReportReporter -->
<testsuite skipped="0" hostname="VON-2KKF362" name="testCases.PaymentsInvoiceVerification" tests="1" failures="0" timestamp="25 Dec 2018 00:06:00 GMT" time="38.219" errors="0">
  <testcase name="paymentsInvoiceVerification" time="38.219" classname="testCases.PaymentsInvoiceVerification"/>
</testsuite> <!-- testCases.PaymentsInvoiceVerification -->
