<?xml version="1.0" encoding="UTF-8"?>
<!-- Generated by org.testng.reporters.JUnitReportReporter -->
<testsuite skipped="0" hostname="VON-2KKF362" name="testCases.SearchDropDown" tests="1" failures="0" timestamp="25 Dec 2018 02:24:14 GMT" time="118.862" errors="0">
  <testcase name="searchDropDown" time="118.862" classname="testCases.SearchDropDown"/>
</testsuite> <!-- testCases.SearchDropDown -->
