<?xml version="1.0" encoding="UTF-8"?>
<!-- Generated by org.testng.reporters.JUnitReportReporter -->
<testsuite skipped="0" hostname="HP-PC" name="testCases.Billing_A_contract" tests="1" failures="0" timestamp="15 Dec 2018 15:48:58 GMT" time="52.720" errors="0">
  <testcase name="billing_contract" time="52.720" classname="testCases.Billing_A_contract"/>
</testsuite> <!-- testCases.Billing_A_contract -->
