<?xml version="1.0" encoding="UTF-8"?>
<!-- Generated by org.testng.reporters.JUnitReportReporter -->
<testsuite skipped="0" hostname="HP-PC" name="testCases.ReportingDropDown" tests="1" failures="0" timestamp="18 Dec 2018 02:00:52 GMT" time="79.906" errors="0">
  <testcase name="reportingDropDown" time="79.906" classname="testCases.ReportingDropDown"/>
</testsuite> <!-- testCases.ReportingDropDown -->
