<?xml version="1.0" encoding="UTF-8"?>
<!-- Generated by org.testng.reporters.JUnitReportReporter -->
<testsuite skipped="0" hostname="HP-PC" name="testCases.CDRConfig" tests="1" failures="0" timestamp="15 Dec 2018 15:48:58 GMT" time="48.443" errors="0">
  <testcase name="CDRConfiguration" time="48.443" classname="testCases.CDRConfig"/>
</testsuite> <!-- testCases.CDRConfig -->
