<?xml version="1.0" encoding="UTF-8"?>
<!-- Generated by org.testng.reporters.JUnitReportReporter -->
<testsuite skipped="0" hostname="VON-2KKF362" name="testCases.TC_1_64_Verify_Representative_choose_WAN_versionOf_VeloCloud" tests="1" failures="1" timestamp="29 Dec 2018 05:39:11 GMT" time="90.475" errors="0">
  <testcase name="tC_1_64_Test_Whether_care_representative_is_able_to_choose_SmartWAN_version_Of_VeloCloud_devices" time="90.475" classname="testCases.TC_1_64_Verify_Representative_choose_WAN_versionOf_VeloCloud">
    <failure type="java.lang.AssertionError" message="The following asserts failed:
	expected [Verify add device smartWan versions] but found [true]">
      <![CDATA[java.lang.AssertionError: The following asserts failed:
expected [Verify add device smartWan versions] but found [true]
at utils.AssertSoftly.assertAll(AssertSoftly.java:68)
at testCases.TC_1_64_Verify_Representative_choose_WAN_versionOf_VeloCloud.tC_1_64_Test_Whether_care_representative_is_able_to_choose_SmartWAN_version_Of_VeloCloud_devices(TC_1_64_Verify_Representative_choose_WAN_versionOf_VeloCloud.java:140)
at sun.reflect.NativeMethodAccessorImpl.invoke0(Native Method)
at sun.reflect.NativeMethodAccessorImpl.invoke(NativeMethodAccessorImpl.java:62)
at sun.reflect.DelegatingMethodAccessorImpl.invoke(DelegatingMethodAccessorImpl.java:43)
at java.lang.reflect.Method.invoke(Method.java:498)
at org.testng.internal.MethodInvocationHelper.invokeMethod(MethodInvocationHelper.java:124)
at org.testng.internal.Invoker.invokeMethod(Invoker.java:580)
at org.testng.internal.Invoker.invokeTestMethod(Invoker.java:716)
at org.testng.internal.Invoker.invokeTestMethods(Invoker.java:988)
at org.testng.internal.TestMethodWorker.invokeTestMethods(TestMethodWorker.java:125)
at org.testng.internal.TestMethodWorker.run(TestMethodWorker.java:109)
at org.testng.TestRunner.privateRun(TestRunner.java:648)
at org.testng.TestRunner.run(TestRunner.java:505)
at org.testng.SuiteRunner.runTest(SuiteRunner.java:455)
at org.testng.SuiteRunner.runSequentially(SuiteRunner.java:450)
at org.testng.SuiteRunner.privateRun(SuiteRunner.java:415)
at org.testng.SuiteRunner.run(SuiteRunner.java:364)
at org.testng.SuiteRunnerWorker.runSuite(SuiteRunnerWorker.java:52)
at org.testng.SuiteRunnerWorker.run(SuiteRunnerWorker.java:84)
at org.testng.TestNG.runSuitesSequentially(TestNG.java:1208)
at org.testng.TestNG.runSuitesLocally(TestNG.java:1137)
at org.testng.TestNG.runSuites(TestNG.java:1049)
at org.testng.TestNG.run(TestNG.java:1017)
at org.testng.remote.AbstractRemoteTestNG.run(AbstractRemoteTestNG.java:114)
at org.testng.remote.RemoteTestNG.initAndRun(RemoteTestNG.java:251)
at org.testng.remote.RemoteTestNG.main(RemoteTestNG.java:77)
]]>
    </failure>
  </testcase> <!-- tC_1_64_Test_Whether_care_representative_is_able_to_choose_SmartWAN_version_Of_VeloCloud_devices -->
</testsuite> <!-- testCases.TC_1_64_Verify_Representative_choose_WAN_versionOf_VeloCloud -->
