<?xml version="1.0" encoding="UTF-8"?>
<!-- Generated by org.testng.reporters.JUnitReportReporter -->
<testsuite skipped="0" hostname="VON-2KKF362" name="testCases.TC_1_70_Admin_Recon_Mac_Mapping" tests="1" failures="0" timestamp="29 Dec 2018 14:39:47 GMT" time="70.722" errors="0">
  <testcase name="tC_1_70_Admin_Recon_Mac_Mapping" time="70.722" classname="testCases.TC_1_70_Admin_Recon_Mac_Mapping"/>
</testsuite> <!-- testCases.TC_1_70_Admin_Recon_Mac_Mapping -->
