<?xml version="1.0" encoding="UTF-8"?>
<!-- Generated by org.testng.reporters.JUnitReportReporter -->
<testsuite skipped="0" hostname="VON-2KKF362" name="testCases.TC_1_2_ReportHighLevelFunctionality_ReportsDropDown" tests="1" failures="0" timestamp="02 Jan 2019 04:10:32 GMT" time="647.173" errors="0">
  <testcase name="tc_1_2_ReportHighLevelFunctionality" time="647.173" classname="testCases.TC_1_2_ReportHighLevelFunctionality_ReportsDropDown"/>
</testsuite> <!-- testCases.TC_1_2_ReportHighLevelFunctionality_ReportsDropDown -->
