<?xml version="1.0" encoding="UTF-8"?>
<!-- Generated by org.testng.reporters.JUnitReportReporter -->
<testsuite skipped="1" hostname="VON-2KKF362" name="testCases.TC_1_7_CustomerVoiceInterNationalDIDs" tests="1" failures="0" timestamp="25 Dec 2018 00:06:01 GMT" time="16.542" errors="0">
  <testcase name="tc_1_7_CustomerVoiceInterNationalDIDs" time="16.542" classname="testCases.TC_1_7_CustomerVoiceInterNationalDIDs">
    <skipped/>
  </testcase> <!-- tc_1_7_CustomerVoiceInterNationalDIDs -->
</testsuite> <!-- testCases.TC_1_7_CustomerVoiceInterNationalDIDs -->
