<?xml version="1.0" encoding="UTF-8"?>
<!-- Generated by org.testng.reporters.JUnitReportReporter -->
<testsuite skipped="0" hostname="VON-2KKF362" name="testCases.Customer_DashBoard_information" tests="1" failures="0" timestamp="29 Dec 2018 02:37:01 GMT" time="26.967" errors="0">
  <testcase name="verifyHomePage" time="26.967" classname="testCases.Customer_DashBoard_information"/>
</testsuite> <!-- testCases.Customer_DashBoard_information -->
