<?xml version="1.0" encoding="UTF-8"?>
<!-- Generated by org.testng.reporters.JUnitReportReporter -->
<testsuite skipped="0" hostname="VON-2KKF362" name="testCases.TC_1_100_Sales_Order_Edit" tests="1" failures="0" timestamp="02 Jan 2019 04:10:32 GMT" time="99.783" errors="0">
  <testcase name="tc_1_100_Sales_Order_Edit" time="99.783" classname="testCases.TC_1_100_Sales_Order_Edit"/>
</testsuite> <!-- testCases.TC_1_100_Sales_Order_Edit -->
