<?xml version="1.0" encoding="UTF-8"?>
<!-- Generated by org.testng.reporters.JUnitReportReporter -->
<testsuite skipped="0" hostname="VON-2KKF362" name="testCases.Reconciliation1971" tests="1" failures="0" timestamp="19 Dec 2018 21:46:29 GMT" time="52.744" errors="0">
  <testcase name="reconciliation1971" time="52.744" classname="testCases.Reconciliation1971"/>
</testsuite> <!-- testCases.Reconciliation1971 -->
