<?xml version="1.0" encoding="UTF-8"?>
<!-- Generated by org.testng.reporters.JUnitReportReporter -->
<testsuite skipped="0" hostname="HP-PC" name="testCases.TC_1_93_Export_Task" tests="1" failures="0" timestamp="24 Dec 2018 11:41:47 GMT" time="26.875" errors="0">
  <testcase name="tc_1_93_Export_Task" time="26.875" classname="testCases.TC_1_93_Export_Task"/>
</testsuite> <!-- testCases.TC_1_93_Export_Task -->
