<?xml version="1.0" encoding="UTF-8"?>
<!-- Generated by org.testng.reporters.JUnitReportReporter -->
<testsuite skipped="1" hostname="VON-2KKF362" name="testCases.TC_1_6_Dashboard_Edit_Device_Status" tests="1" failures="0" timestamp="25 Dec 2018 00:06:01 GMT" time="16.349" errors="0">
  <testcase name="tC_1_6_Dashboard_Edit_Device_Status" time="16.349" classname="testCases.TC_1_6_Dashboard_Edit_Device_Status">
    <skipped/>
  </testcase> <!-- tC_1_6_Dashboard_Edit_Device_Status -->
</testsuite> <!-- testCases.TC_1_6_Dashboard_Edit_Device_Status -->
