<?xml version="1.0" encoding="UTF-8"?>
<!-- Generated by org.testng.reporters.JUnitReportReporter -->
<testsuite skipped="0" hostname="HP-PC" name="testCases.TC_1_5_CustomerDashboard_Data_CDR_Config" tests="1" failures="0" timestamp="15 Dec 2018 15:48:58 GMT" time="77.526" errors="0">
  <testcase name="tc_1_5_CustomerDashboard_Data_CDR_Config" time="77.526" classname="testCases.TC_1_5_CustomerDashboard_Data_CDR_Config"/>
</testsuite> <!-- testCases.TC_1_5_CustomerDashboard_Data_CDR_Config -->
