<?xml version="1.0" encoding="UTF-8"?>
<!-- Generated by org.testng.reporters.JUnitReportReporter -->
<testsuite skipped="0" hostname="VON-2KKF362" name="testCases.Billing_C_CreditRequest" tests="1" failures="0" timestamp="25 Dec 2018 00:06:01 GMT" time="119.713" errors="0">
  <testcase name="billing_CreditRequest" time="119.713" classname="testCases.Billing_C_CreditRequest"/>
</testsuite> <!-- testCases.Billing_C_CreditRequest -->
