<?xml version="1.0" encoding="UTF-8"?>
<!-- Generated by org.testng.reporters.JUnitReportReporter -->
<testsuite skipped="0" hostname="VON-2KKF362" name="testCases.TC_1_52_DIDs_Displayed_Number_Activation" tests="1" failures="0" timestamp="25 Dec 2018 02:24:14 GMT" time="41.729" errors="0">
  <testcase name="tC_1_52_DIDs_Displayed_Number_Activation" time="41.729" classname="testCases.TC_1_52_DIDs_Displayed_Number_Activation"/>
</testsuite> <!-- testCases.TC_1_52_DIDs_Displayed_Number_Activation -->
