<?xml version="1.0" encoding="UTF-8"?>
<!-- Generated by org.testng.reporters.JUnitReportReporter -->
<testsuite skipped="0" hostname="VON-2KKF362" name="testCases.Billing_A_contract" tests="1" failures="0" timestamp="25 Dec 2018 00:06:01 GMT" time="63.566" errors="0">
  <testcase name="billing_contract" time="63.566" classname="testCases.Billing_A_contract"/>
</testsuite> <!-- testCases.Billing_A_contract -->
