<?xml version="1.0" encoding="UTF-8"?>
<!-- Generated by org.testng.reporters.JUnitReportReporter -->
<testsuite skipped="0" hostname="VON-2KKF362" name="testCases.TC_1_53_VIPCustomer_Filter_VIP_Types" tests="1" failures="0" timestamp="02 Jan 2019 15:13:52 GMT" time="230.151" errors="0">
  <testcase name="tC_1_53_VIPCustomer_Filter_VIP_Types" time="230.151" classname="testCases.TC_1_53_VIPCustomer_Filter_VIP_Types"/>
</testsuite> <!-- testCases.TC_1_53_VIPCustomer_Filter_VIP_Types -->
