<?xml version="1.0" encoding="UTF-8"?>
<!-- Generated by org.testng.reporters.JUnitReportReporter -->
<testsuite skipped="0" hostname="VON-2KKF362" name="testCases.DNS" tests="1" failures="0" timestamp="19 Dec 2018 21:46:29 GMT" time="63.538" errors="0">
  <testcase name="data_Dns_Add_Edit_Delete" time="63.538" classname="testCases.DNS"/>
</testsuite> <!-- testCases.DNS -->
