<?xml version="1.0" encoding="UTF-8"?>
<!-- Generated by org.testng.reporters.JUnitReportReporter -->
<testsuite skipped="0" hostname="HP-PC" name="testCases.TC_1_87_HyperLinks_Log_0n_MAC_Inventory" tests="1" failures="0" timestamp="24 Dec 2018 09:37:10 GMT" time="60.190" errors="0">
  <testcase name="verifyReceonciliationPremierCount" time="60.190" classname="testCases.TC_1_87_HyperLinks_Log_0n_MAC_Inventory"/>
</testsuite> <!-- testCases.TC_1_87_HyperLinks_Log_0n_MAC_Inventory -->
