<?xml version="1.0" encoding="UTF-8"?>
<!-- Generated by org.testng.reporters.JUnitReportReporter -->
<testsuite skipped="0" hostname="VON-2KKF362" name="testCases.TC_1_58_VerifyUserAbleToViewUsageHistory" tests="1" failures="0" timestamp="29 Dec 2018 02:37:01 GMT" time="29.942" errors="0">
  <testcase name="tc_1_58_VerifyUserAbleToViewUsageHistory" time="29.942" classname="testCases.TC_1_58_VerifyUserAbleToViewUsageHistory"/>
</testsuite> <!-- testCases.TC_1_58_VerifyUserAbleToViewUsageHistory -->
