<?xml version="1.0" encoding="UTF-8"?>
<!-- Generated by org.testng.reporters.JUnitReportReporter -->
<testsuite skipped="0" hostname="HP-PC" name="testCases.TC_1_1_ImportNumbersToHaveSMS_service" tests="1" failures="0" timestamp="15 Dec 2018 15:48:58 GMT" time="85.496" errors="0">
  <testcase name="tc_1_1_ImportNumbersToHaveSMS_service" time="85.496" classname="testCases.TC_1_1_ImportNumbersToHaveSMS_service"/>
</testsuite> <!-- testCases.TC_1_1_ImportNumbersToHaveSMS_service -->
