<?xml version="1.0" encoding="UTF-8"?>
<!-- Generated by org.testng.reporters.JUnitReportReporter -->
<testsuite skipped="1" hostname="VON-2KKF362" name="testCases.TC_1_67_VerifyNewInterfacecreatedForPlatformConfigured" tests="1" failures="0" timestamp="25 Dec 2018 00:06:00 GMT" time="18.278" errors="0">
  <testcase name="tc_1_67_VerifyNewInterfacecreatedForPlatformConfigured" time="18.278" classname="testCases.TC_1_67_VerifyNewInterfacecreatedForPlatformConfigured">
    <skipped/>
  </testcase> <!-- tc_1_67_VerifyNewInterfacecreatedForPlatformConfigured -->
</testsuite> <!-- testCases.TC_1_67_VerifyNewInterfacecreatedForPlatformConfigured -->
