<?xml version="1.0" encoding="UTF-8"?>
<!-- Generated by org.testng.reporters.JUnitReportReporter -->
<testsuite skipped="0" hostname="VON-2KKF362" name="testCases.TC_1_1_ImportNumbersToHaveSMS_service" tests="1" failures="0" timestamp="29 Dec 2018 04:43:25 GMT" time="74.464" errors="0">
  <testcase name="tc_1_1_ImportNumbersToHaveSMS_service" time="74.464" classname="testCases.TC_1_1_ImportNumbersToHaveSMS_service"/>
</testsuite> <!-- testCases.TC_1_1_ImportNumbersToHaveSMS_service -->
