<?xml version="1.0" encoding="UTF-8"?>
<!-- Generated by org.testng.reporters.JUnitReportReporter -->
<testsuite skipped="0" hostname="HP-PC" name="testCases.TC_1_79_Bulk_Edit" tests="1" failures="0" timestamp="23 Dec 2018 11:17:01 GMT" time="24.999" errors="0">
  <testcase name="bulkEdit" time="24.999" classname="testCases.TC_1_79_Bulk_Edit"/>
</testsuite> <!-- testCases.TC_1_79_Bulk_Edit -->
