<?xml version="1.0" encoding="UTF-8"?>
<!-- Generated by org.testng.reporters.JUnitReportReporter -->
<testsuite skipped="1" hostname="VON-2KKF362" name="testCases.TC_1_59_Delete_Parent_children_tasks" tests="1" failures="0" timestamp="25 Dec 2018 00:06:00 GMT" time="26.549" errors="0">
  <testcase name="tc_1_59_Delete_Parent_children_tasks" time="26.549" classname="testCases.TC_1_59_Delete_Parent_children_tasks">
    <skipped/>
  </testcase> <!-- tc_1_59_Delete_Parent_children_tasks -->
</testsuite> <!-- testCases.TC_1_59_Delete_Parent_children_tasks -->
