<?xml version="1.0" encoding="UTF-8"?>
<!-- Generated by org.testng.reporters.JUnitReportReporter -->
<testsuite skipped="0" hostname="HP-PC" name="testCases.TC_1_76_EMAC_price_algorithm" tests="1" failures="0" timestamp="23 Dec 2018 10:35:18 GMT" time="142.693" errors="0">
  <testcase name="tc_1_76_EMAC_price_algorithm" time="142.693" classname="testCases.TC_1_76_EMAC_price_algorithm"/>
</testsuite> <!-- testCases.TC_1_76_EMAC_price_algorithm -->
