<?xml version="1.0" encoding="UTF-8"?>
<!-- Generated by org.testng.reporters.JUnitReportReporter -->
<testsuite skipped="0" hostname="VON-2KKF362" name="testCases.AdminDropDown" tests="1" failures="0" timestamp="17 Dec 2018 04:19:37 GMT" time="440.436" errors="0">
  <testcase name="adminDropDown" time="440.436" classname="testCases.AdminDropDown"/>
</testsuite> <!-- testCases.AdminDropDown -->
